<?xml version="1.0" encoding="UTF-8"?>
<testsuite name="study.graduate.GraduateApplicationTests" tests="1" skipped="0" failures="0" errors="0" timestamp="2024-01-29T11:06:09" hostname="LEEDONGBIN-NEW-" time="0.887">
  <properties/>
  <testcase name="contextLoads()" classname="study.graduate.GraduateApplicationTests" time="0.887"/>
  <system-out><![CDATA[20:06:03.993 [Test worker] INFO org.springframework.test.context.support.AnnotationConfigContextLoaderUtils -- Could not detect default configuration classes for test class [study.graduate.GraduateApplicationTests]: GraduateApplicationTests does not declare any static, non-private, non-final, nested classes annotated with @Configuration.
20:06:04.135 [Test worker] INFO org.springframework.boot.test.context.SpringBootTestContextBootstrapper -- Found @SpringBootConfiguration study.graduate.GraduateApplication for test class study.graduate.GraduateApplicationTests

  .   ____          _            __ _ _
 /\\ / ___'_ __ _ _(_)_ __  __ _ \ \ \ \
( ( )\___ | '_ | '_| | '_ \/ _` | \ \ \ \
 \\/  ___)| |_)| | | | | || (_| |  ) ) ) )
  '  |____| .__|_| |_|_| |_\__, | / / / /
 =========|_|==============|___/=/_/_/_/
 :: Spring Boot ::                (v3.2.1)

2024-01-29T20:06:04.764+09:00  INFO 13956 --- [    Test worker] s.graduate.GraduateApplicationTests      : Starting GraduateApplicationTests using Java 17 with PID 13956 (started by leedongbin in C:\Users\leedongbin\spring\graduate)
2024-01-29T20:06:04.765+09:00  INFO 13956 --- [    Test worker] s.graduate.GraduateApplicationTests      : No active profile set, falling back to 1 default profile: "default"
2024-01-29T20:06:05.677+09:00  INFO 13956 --- [    Test worker] .s.d.r.c.RepositoryConfigurationDelegate : Bootstrapping Spring Data JPA repositories in DEFAULT mode.
2024-01-29T20:06:05.787+09:00  INFO 13956 --- [    Test worker] .s.d.r.c.RepositoryConfigurationDelegate : Finished Spring Data repository scanning in 98 ms. Found 3 JPA repository interfaces.
2024-01-29T20:06:06.376+09:00  INFO 13956 --- [    Test worker] o.hibernate.jpa.internal.util.LogHelper  : HHH000204: Processing PersistenceUnitInfo [name: default]
2024-01-29T20:06:06.477+09:00  INFO 13956 --- [    Test worker] org.hibernate.Version                    : HHH000412: Hibernate ORM core version 6.4.1.Final
2024-01-29T20:06:06.532+09:00  INFO 13956 --- [    Test worker] o.h.c.internal.RegionFactoryInitiator    : HHH000026: Second-level cache disabled
2024-01-29T20:06:06.922+09:00  INFO 13956 --- [    Test worker] o.s.o.j.p.SpringPersistenceUnitInfo      : No LoadTimeWeaver setup: ignoring JPA class transformer
2024-01-29T20:06:06.966+09:00  INFO 13956 --- [    Test worker] com.zaxxer.hikari.HikariDataSource       : HikariPool-1 - Starting...
2024-01-29T20:06:07.158+09:00  INFO 13956 --- [    Test worker] com.zaxxer.hikari.pool.HikariPool        : HikariPool-1 - Added connection com.mysql.cj.jdbc.ConnectionImpl@a0d875d
2024-01-29T20:06:07.161+09:00  INFO 13956 --- [    Test worker] com.zaxxer.hikari.HikariDataSource       : HikariPool-1 - Start completed.
2024-01-29T20:06:07.218+09:00  WARN 13956 --- [    Test worker] org.hibernate.orm.deprecation            : HHH90000025: MySQL8Dialect does not need to be specified explicitly using 'hibernate.dialect' (remove the property setting and it will be selected by default)
2024-01-29T20:06:07.220+09:00  WARN 13956 --- [    Test worker] org.hibernate.orm.deprecation            : HHH90000026: MySQL8Dialect has been deprecated; use org.hibernate.dialect.MySQLDialect instead
2024-01-29T20:06:08.575+09:00  INFO 13956 --- [    Test worker] o.h.e.t.j.p.i.JtaPlatformInitiator       : HHH000489: No JTA platform available (set 'hibernate.transaction.jta.platform' to enable JTA platform integration)
2024-01-29T20:06:08.663+09:00  INFO 13956 --- [    Test worker] j.LocalContainerEntityManagerFactoryBean : Initialized JPA EntityManagerFactory for persistence unit 'default'
2024-01-29T20:06:09.357+09:00  WARN 13956 --- [    Test worker] JpaBaseConfiguration$JpaWebConfiguration : spring.jpa.open-in-view is enabled by default. Therefore, database queries may be performed during view rendering. Explicitly configure spring.jpa.open-in-view to disable this warning
2024-01-29T20:06:09.744+09:00  WARN 13956 --- [    Test worker] ion$DefaultTemplateResolverConfiguration : Cannot find template location: classpath:/templates/ (please add some templates, check your Thymeleaf configuration, or set spring.thymeleaf.check-template-location=false)
2024-01-29T20:06:09.862+09:00  INFO 13956 --- [    Test worker] s.graduate.GraduateApplicationTests      : Started GraduateApplicationTests in 5.487 seconds (process running for 7.095)
]]></system-out>
  <system-err><![CDATA[]]></system-err>
</testsuite>
